<?xml version="1.0" encoding="UTF-8"?>
<TestRun id="ff090252-8ee6-48aa-aadd-4cae25ce6b19" name="Lap-dan@LAP-DAN-PC 2011-03-21 13:19:11" runUser="Lap-dan-PC\Lap-dan" xmlns="http://microsoft.com/schemas/VisualStudio/TeamTest/2010">
  <TestSettings name="Local" id="e86c83ff-e53b-478c-840a-aba913a66787">
    <Description>Il s'agit des paramètres de test par défaut pour une série de tests locale.</Description>
    <Deployment userDeploymentRoot="C:\Projects\FoireMuses\TestResults" useDefaultDeploymentRoot="false" enabled="false" runDeploymentRoot="Lap-dan_LAP-DAN-PC 2011-03-21 13_19_11">
      <DeploymentItem filename="C:\Projects\FoireMuses\externals\Autofac.dll" />
      <DeploymentItem filename="C:\Projects\FoireMuses\externals\mindtouch.core.dll" />
      <DeploymentItem filename="C:\Projects\FoireMuses\externals\mindtouch.dream.test.dll" />
      <DeploymentItem filename="C:\Projects\FoireMuses\externals\mindtouch.dream.dll" />
    </Deployment>
    <Execution>
      <TestTypeSpecific />
      <AgentRule name="Execution Agents">
      </AgentRule>
    </Execution>
  </TestSettings>
  <Times creation="2011-03-21T13:19:11.4620000+01:00" queuing="2011-03-21T13:19:11.4820000+01:00" start="2011-03-21T13:19:11.5270000+01:00" finish="2011-03-21T13:19:28.9010000+01:00" />
  <ResultSummary outcome="Failed">
    <Counters total="1" executed="1" error="0" failed="1" timeout="0" aborted="0" inconclusive="0" passedButRunAborted="0" notRunnable="0" notExecuted="0" disconnected="0" warning="0" passed="0" completed="0" inProgress="0" pending="0" />
  </ResultSummary>
  <TestDefinitions>
    <UnitTest name="Can_send_email_with_default_settings" storage="c:\projects\foiremuses\foiremuses.unittests\bin\debug\foiremuses.unittests.dll" id="dedaf6c8-f3fe-7846-d9eb-b4c710ea03b4">
      <Execution id="dda1f0ec-aff5-499b-aee2-1fba4c6258d0" />
      <TestMethod codeBase="C:/Projects/FoireMuses/FoireMuses.UnitTests/bin/Debug/FoireMuses.UnitTests.DLL" adapterTypeName="Microsoft.VisualStudio.TestTools.TestTypes.Unit.UnitTestAdapter, Microsoft.VisualStudio.QualityTools.Tips.UnitTest.Adapter, Version=10.0.0.0, Culture=neutral, PublicKeyToken=b03f5f7f11d50a3a" className="MindTouch.Core.Test.Services.EmailServiceTests, FoireMuses.UnitTests, Version=1.0.0.0, Culture=neutral, PublicKeyToken=null" name="Can_send_email_with_default_settings" />
    </UnitTest>
  </TestDefinitions>
  <TestLists>
    <TestList name="Les résultats ne figurent pas dans une liste" id="8c84fa94-04c1-424b-9868-57a2d4851a1d" />
    <TestList name="Tous les résultats chargés" id="19431567-8539-422a-85d7-44ee4e166bda" />
  </TestLists>
  <TestEntries>
    <TestEntry testId="dedaf6c8-f3fe-7846-d9eb-b4c710ea03b4" executionId="dda1f0ec-aff5-499b-aee2-1fba4c6258d0" testListId="8c84fa94-04c1-424b-9868-57a2d4851a1d" />
  </TestEntries>
  <Results>
    <UnitTestResult executionId="dda1f0ec-aff5-499b-aee2-1fba4c6258d0" testId="dedaf6c8-f3fe-7846-d9eb-b4c710ea03b4" testName="Can_send_email_with_default_settings" computerName="LAP-DAN-PC" duration="00:00:08.1530234" startTime="2011-03-21T13:19:11.5580000+01:00" endTime="2011-03-21T13:19:26.4420000+01:00" testType="13cdc9d9-ddb5-4fa4-a97d-d965ccfc6d4b" outcome="Failed" testListId="8c84fa94-04c1-424b-9868-57a2d4851a1d" relativeResultsDirectory="dda1f0ec-aff5-499b-aee2-1fba4c6258d0">
      <Output>
        <ErrorInfo>
          <Message>Assert.IsTrue failed. </Message>
          <StackTrace>   at MindTouch.Core.Test.Services.EmailServiceTests.Can_send_email_with_default_settings() in C:\Projects\FoireMuses\FoireMuses.UnitTests\Class1.cs:line 106
</StackTrace>
        </ErrorInfo>
      </Output>
    </UnitTestResult>
  </Results>
</TestRun>