<?xml version="1.0" encoding="UTF-8"?>
<TestRun id="4d72e210-90a5-4d56-9df2-3333b46c6966" name="Lap-dan@LAP-DAN-PC 2011-03-21 13:14:20" runUser="Lap-dan-PC\Lap-dan" xmlns="http://microsoft.com/schemas/VisualStudio/TeamTest/2010">
  <TestSettings name="Local" id="e86c83ff-e53b-478c-840a-aba913a66787">
    <Description>Il s'agit des paramètres de test par défaut pour une série de tests locale.</Description>
    <Deployment enabled="false" runDeploymentRoot="Lap-dan_LAP-DAN-PC 2011-03-21 13_14_20">
      <DeploymentItem filename="C:\Projects\FoireMuses\externals\Autofac.dll" />
      <DeploymentItem filename="C:\Projects\FoireMuses\externals\mindtouch.dream.test.dll" />
      <DeploymentItem filename="C:\Projects\FoireMuses\externals\mindtouch.dream.dll" />
    </Deployment>
    <Execution>
      <TestTypeSpecific />
      <AgentRule name="Execution Agents">
      </AgentRule>
    </Execution>
  </TestSettings>
  <Times creation="2011-03-21T13:14:20.7460000+01:00" queuing="2011-03-21T13:14:26.1950000+01:00" start="2011-03-21T13:14:26.6790000+01:00" finish="2011-03-21T13:14:28.8730000+01:00" />
  <ResultSummary outcome="Error">
    <Counters total="2" executed="2" passed="1" error="1" failed="0" timeout="0" aborted="0" inconclusive="0" passedButRunAborted="0" notRunnable="0" notExecuted="0" disconnected="0" warning="0" completed="0" inProgress="0" pending="0" />
  </ResultSummary>
  <TestDefinitions>
    <UnitTest name="TestMethod1" storage="c:\projects\foiremuses\foiremuses.unittests\bin\debug\foiremuses.unittests.dll" id="ad775e99-3730-5a4a-7406-6ca8a62d068e">
      <Execution id="c1ca5b47-1bbf-472d-beff-7b5c2fc61177" />
      <TestMethod codeBase="C:/Projects/FoireMuses/FoireMuses.UnitTests/bin/Debug/FoireMuses.UnitTests.DLL" adapterTypeName="Microsoft.VisualStudio.TestTools.TestTypes.Unit.UnitTestAdapter, Microsoft.VisualStudio.QualityTools.Tips.UnitTest.Adapter, Version=10.0.0.0, Culture=neutral, PublicKeyToken=b03f5f7f11d50a3a" className="FoireMuses.UnitTests.UnitTest1, FoireMuses.UnitTests, Version=1.0.0.0, Culture=neutral, PublicKeyToken=null" name="TestMethod1" />
    </UnitTest>
    <UnitTest name="Can_send_email_with_default_settings" storage="c:\projects\foiremuses\foiremuses.unittests\bin\debug\foiremuses.unittests.dll" id="dedaf6c8-f3fe-7846-d9eb-b4c710ea03b4">
      <Execution id="c6c2d2f6-bbc4-4ce6-86d5-1560ee7237e0" />
      <TestMethod codeBase="C:/Projects/FoireMuses/FoireMuses.UnitTests/bin/Debug/FoireMuses.UnitTests.DLL" adapterTypeName="Microsoft.VisualStudio.TestTools.TestTypes.Unit.UnitTestAdapter, Microsoft.VisualStudio.QualityTools.Tips.UnitTest.Adapter, Version=10.0.0.0, Culture=neutral, PublicKeyToken=b03f5f7f11d50a3a" className="MindTouch.Core.Test.Services.EmailServiceTests, FoireMuses.UnitTests, Version=1.0.0.0, Culture=neutral, PublicKeyToken=null" name="Can_send_email_with_default_settings" />
    </UnitTest>
  </TestDefinitions>
  <TestLists>
    <TestList name="Les résultats ne figurent pas dans une liste" id="8c84fa94-04c1-424b-9868-57a2d4851a1d" />
    <TestList name="Tous les résultats chargés" id="19431567-8539-422a-85d7-44ee4e166bda" />
  </TestLists>
  <TestEntries>
    <TestEntry testId="ad775e99-3730-5a4a-7406-6ca8a62d068e" executionId="c1ca5b47-1bbf-472d-beff-7b5c2fc61177" testListId="8c84fa94-04c1-424b-9868-57a2d4851a1d" />
    <TestEntry testId="dedaf6c8-f3fe-7846-d9eb-b4c710ea03b4" executionId="c6c2d2f6-bbc4-4ce6-86d5-1560ee7237e0" testListId="8c84fa94-04c1-424b-9868-57a2d4851a1d" />
  </TestEntries>
  <Results>
    <UnitTestResult executionId="c1ca5b47-1bbf-472d-beff-7b5c2fc61177" testId="ad775e99-3730-5a4a-7406-6ca8a62d068e" testName="TestMethod1" computerName="LAP-DAN-PC" duration="00:00:00.0981077" startTime="2011-03-21T13:14:26.8030000+01:00" endTime="2011-03-21T13:14:28.6740000+01:00" testType="13cdc9d9-ddb5-4fa4-a97d-d965ccfc6d4b" outcome="Passed" testListId="8c84fa94-04c1-424b-9868-57a2d4851a1d" relativeResultsDirectory="c1ca5b47-1bbf-472d-beff-7b5c2fc61177">
    </UnitTestResult>
    <UnitTestResult executionId="c6c2d2f6-bbc4-4ce6-86d5-1560ee7237e0" testId="dedaf6c8-f3fe-7846-d9eb-b4c710ea03b4" testName="Can_send_email_with_default_settings" computerName="LAP-DAN-PC" startTime="2011-03-21T13:14:28.6940000+01:00" endTime="2011-03-21T13:14:28.7700000+01:00" testType="13cdc9d9-ddb5-4fa4-a97d-d965ccfc6d4b" testListId="8c84fa94-04c1-424b-9868-57a2d4851a1d" relativeResultsDirectory="c6c2d2f6-bbc4-4ce6-86d5-1560ee7237e0">
      <Output>
        <ErrorInfo>
          <Message>Method MindTouch.Core.Test.Services.EmailServiceTests.GlobalTeardown has wrong signature.  The method should be marked static.</Message>
        </ErrorInfo>
      </Output>
    </UnitTestResult>
  </Results>
</TestRun>