<?xml version="1.0" encoding="UTF-8"?>
<TestRun id="d156ea72-364f-4fa3-9c58-aef5205b753e" name="Lap-dan@LAP-DAN-PC 2011-03-21 13:17:53" runUser="Lap-dan-PC\Lap-dan" xmlns="http://microsoft.com/schemas/VisualStudio/TeamTest/2010">
  <TestSettings name="Local" id="e86c83ff-e53b-478c-840a-aba913a66787">
    <Description>Il s'agit des paramètres de test par défaut pour une série de tests locale.</Description>
    <Deployment userDeploymentRoot="C:\Projects\FoireMuses\TestResults" useDefaultDeploymentRoot="false" enabled="false" runDeploymentRoot="Lap-dan_LAP-DAN-PC 2011-03-21 13_17_53">
      <DeploymentItem filename="C:\Projects\FoireMuses\externals\Autofac.dll" />
      <DeploymentItem filename="C:\Projects\FoireMuses\externals\mindtouch.dream.test.dll" />
      <DeploymentItem filename="C:\Projects\FoireMuses\externals\mindtouch.dream.dll" />
    </Deployment>
    <Execution>
      <TestTypeSpecific />
      <AgentRule name="Execution Agents">
      </AgentRule>
    </Execution>
  </TestSettings>
  <Times creation="2011-03-21T13:17:53.1860000+01:00" queuing="2011-03-21T13:17:53.2230000+01:00" start="2011-03-21T13:17:53.2510000+01:00" finish="2011-03-21T13:17:55.3990000+01:00" />
  <ResultSummary outcome="Failed">
    <Counters total="1" executed="1" error="0" failed="1" timeout="0" aborted="0" inconclusive="0" passedButRunAborted="0" notRunnable="0" notExecuted="0" disconnected="0" warning="0" passed="0" completed="0" inProgress="0" pending="0" />
  </ResultSummary>
  <TestDefinitions>
    <UnitTest name="Can_send_email_with_default_settings" storage="c:\projects\foiremuses\foiremuses.unittests\bin\debug\foiremuses.unittests.dll" id="dedaf6c8-f3fe-7846-d9eb-b4c710ea03b4">
      <Execution id="549b7a99-684b-40eb-b8d8-f169c5b34e94" />
      <TestMethod codeBase="C:/Projects/FoireMuses/FoireMuses.UnitTests/bin/Debug/FoireMuses.UnitTests.DLL" adapterTypeName="Microsoft.VisualStudio.TestTools.TestTypes.Unit.UnitTestAdapter, Microsoft.VisualStudio.QualityTools.Tips.UnitTest.Adapter, Version=10.0.0.0, Culture=neutral, PublicKeyToken=b03f5f7f11d50a3a" className="MindTouch.Core.Test.Services.EmailServiceTests, FoireMuses.UnitTests, Version=1.0.0.0, Culture=neutral, PublicKeyToken=null" name="Can_send_email_with_default_settings" />
    </UnitTest>
  </TestDefinitions>
  <TestLists>
    <TestList name="Les résultats ne figurent pas dans une liste" id="8c84fa94-04c1-424b-9868-57a2d4851a1d" />
    <TestList name="Tous les résultats chargés" id="19431567-8539-422a-85d7-44ee4e166bda" />
  </TestLists>
  <TestEntries>
    <TestEntry testId="dedaf6c8-f3fe-7846-d9eb-b4c710ea03b4" executionId="549b7a99-684b-40eb-b8d8-f169c5b34e94" testListId="8c84fa94-04c1-424b-9868-57a2d4851a1d" />
  </TestEntries>
  <Results>
    <UnitTestResult executionId="549b7a99-684b-40eb-b8d8-f169c5b34e94" testId="dedaf6c8-f3fe-7846-d9eb-b4c710ea03b4" testName="Can_send_email_with_default_settings" computerName="LAP-DAN-PC" startTime="2011-03-21T13:17:53.2830000+01:00" endTime="2011-03-21T13:17:55.3060000+01:00" testType="13cdc9d9-ddb5-4fa4-a97d-d965ccfc6d4b" outcome="Failed" testListId="8c84fa94-04c1-424b-9868-57a2d4851a1d" relativeResultsDirectory="549b7a99-684b-40eb-b8d8-f169c5b34e94">
      <Output>
        <ErrorInfo>
          <Message>Class Initialization method MindTouch.Core.Test.Services.EmailServiceTests.GlobalSetup threw exception. System.IO.FileNotFoundException: System.IO.FileNotFoundException: Could not load file or assembly 'mindtouch.core, Version=2.1.0.20548, Culture=neutral, PublicKeyToken=b17e0197b56911d2' or one of its dependencies. The system cannot find the file specified.WRN: Assembly binding logging is turned OFF.
To enable assembly bind failure logging, set the registry value [HKLM\Software\Microsoft\Fusion!EnableLog] (DWORD) to 1.
Note: There is some performance penalty associated with assembly bind failure logging.
To turn this feature off, remove the registry value [HKLM\Software\Microsoft\Fusion!EnableLog].
.</Message>
          <StackTrace>    at MindTouch.Dream.Test.DreamTestHelper.CreateRandomPortHost(XDoc config, IContainer container)
   at MindTouch.Core.Test.Services.EmailServiceTests.GlobalSetup(TestContext testContext) in C:\Projects\FoireMuses\FoireMuses.UnitTests\Class1.cs:line 70
</StackTrace>
        </ErrorInfo>
      </Output>
    </UnitTestResult>
  </Results>
</TestRun>